
-----
Test: test_add_product_to_cart.py::test_select_product_by_stone_and_type (call)
Start time: 2024-07-08 22:11:49.755438
Start name method: authorization

End time: 2024-07-08 22:11:52.348252
End name method: authorization
URL: https://mineralmarket.ru/

-----

-----
Test: test_add_product_to_cart.py::test_select_product_by_stone_and_type (call)
Start time: 2024-07-08 22:11:52.385488
Start name method: select_filter_talisman_stone

End time: 2024-07-08 22:11:52.719129
End name method: select_filter_talisman_stone
URL: https://mineralmarket.ru/opredelenie-kamnya

-----

-----
Test: test_add_product_to_cart.py::test_select_product_by_stone_and_type (call)
Start time: 2024-07-08 22:11:52.722162
Start name method: enter_customer_name

End time: 2024-07-08 22:11:52.799801
End name method: enter_customer_name
URL: https://mineralmarket.ru/opredelenie-kamnya

-----

-----
Test: test_add_product_to_cart.py::test_select_product_by_stone_and_type (call)
Start time: 2024-07-08 22:11:52.800812
Start name method: enter_birthday

End time: 2024-07-08 22:11:52.956659
End name method: enter_birthday
URL: https://mineralmarket.ru/opredelenie-kamnya

-----

-----
Test: test_add_product_to_cart.py::test_select_product_by_stone_and_type (call)
Start time: 2024-07-08 22:11:52.957668
Start name method: confirm_define_stone

End time: 2024-07-08 22:11:53.797271
End name method: confirm_define_stone
URL: https://mineralmarket.ru/rezultat-opredelenie-kamnya

-----

-----
Test: test_add_product_to_cart.py::test_select_product_by_stone_and_type (call)
Start time: 2024-07-08 22:11:53.822384
Start name method: select_main_stone

End time: 2024-07-08 22:12:10.469915
End name method: select_main_stone
URL: https://mineralmarket.ru/856-serdolik?page=13

-----

-----
Test: test_add_product_to_cart.py::test_select_product_by_stone_and_type (call)
Start time: 2024-07-08 22:12:10.471920
Start name method: select_filter_by_earrings

End time: 2024-07-08 22:12:19.569376
End name method: select_filter_by_earrings
URL: https://mineralmarket.ru/1309-serdolik?page=2

-----

-----
Test: test_add_product_to_cart.py::test_select_product_by_stone_and_type (call)
Start time: 2024-07-08 22:12:19.572344
Start name method: compare_name_price_tile_and_details

End time: 2024-07-08 22:12:21.295580
End name method: compare_name_price_tile_and_details
URL: https://mineralmarket.ru/serdolik/495459-sergi-serdolik-botsvana-stal-hir-pussety.html

-----
