
-----
Test: test_add_product_to_cart.py::test_select_product_by_stone_and_type (call)
Start time: 2024-07-08 18:28:07.625529
Start name method: authorization

End time: 2024-07-08 18:28:20.967249
End name method: authorization
URL: https://mineralmarket.ru/

-----

-----
Test: test_add_product_to_cart.py::test_select_product_by_stone_and_type (call)
Start time: 2024-07-08 18:28:21.128256
Start name method: select_filter_talisman_stone

End time: 2024-07-08 18:28:21.569389
End name method: select_filter_talisman_stone
URL: https://mineralmarket.ru/opredelenie-kamnya

-----

-----
Test: test_add_product_to_cart.py::test_select_product_by_stone_and_type (call)
Start time: 2024-07-08 18:28:21.571443
Start name method: enter_customer_name

End time: 2024-07-08 18:28:21.626491
End name method: enter_customer_name
URL: https://mineralmarket.ru/opredelenie-kamnya

-----

-----
Test: test_add_product_to_cart.py::test_select_product_by_stone_and_type (call)
Start time: 2024-07-08 18:28:21.627490
Start name method: enter_birthday

End time: 2024-07-08 18:28:21.787333
End name method: enter_birthday
URL: https://mineralmarket.ru/opredelenie-kamnya

-----

-----
Test: test_add_product_to_cart.py::test_select_product_by_stone_and_type (call)
Start time: 2024-07-08 18:28:21.789333
Start name method: confirm_define_stone

End time: 2024-07-08 18:28:22.596391
End name method: confirm_define_stone
URL: https://mineralmarket.ru/rezultat-opredelenie-kamnya

-----

-----
Test: test_add_product_to_cart.py::test_select_product_by_stone_and_type (call)
Start time: 2024-07-08 18:28:22.620881
Start name method: select_main_stone

End time: 2024-07-08 18:28:31.865367
End name method: select_main_stone
URL: https://mineralmarket.ru/856-serdolik?page=5

-----

-----
Test: test_add_product_to_cart.py::test_select_product_by_stone_and_type (call)
Start time: 2024-07-08 18:28:31.867367
Start name method: select_filter_by_earrings

End time: 2024-07-08 18:28:38.679483
End name method: select_filter_by_earrings
URL: https://mineralmarket.ru/1309-serdolik

-----

-----
Test: test_add_product_to_cart.py::test_select_product_by_stone_and_type (call)
Start time: 2024-07-08 18:28:38.682507
Start name method: compare_name_price_tile_and_details

End time: 2024-07-08 18:29:00.444001
End name method: compare_name_price_tile_and_details
URL: https://mineralmarket.ru/serdolik/527849-sergi-serdolik-botsvana-serebro-925-pr-rodir-bel.html

-----
