
-----
Test: test_add_product_to_cart.py::test_select_product_by_stone_and_type (call)
Start time: 2024-07-09 10:57:00.958922
Start name method: authorization

End time: 2024-07-09 10:57:13.434265
End name method: authorization
URL: https://mineralmarket.ru/

-----

-----
Test: test_add_product_to_cart.py::test_select_product_by_stone_and_type (call)
Start time: 2024-07-09 10:57:13.591219
Start name method: select_filter_talisman_stone

End time: 2024-07-09 10:57:13.968327
End name method: select_filter_talisman_stone
URL: https://mineralmarket.ru/opredelenie-kamnya

-----

-----
Test: test_add_product_to_cart.py::test_select_product_by_stone_and_type (call)
Start time: 2024-07-09 10:57:13.969695
Start name method: enter_customer_name

End time: 2024-07-09 10:57:14.025279
End name method: enter_customer_name
URL: https://mineralmarket.ru/opredelenie-kamnya

-----

-----
Test: test_add_product_to_cart.py::test_select_product_by_stone_and_type (call)
Start time: 2024-07-09 10:57:14.026288
Start name method: enter_birthday

End time: 2024-07-09 10:57:14.186677
End name method: enter_birthday
URL: https://mineralmarket.ru/opredelenie-kamnya

-----

-----
Test: test_add_product_to_cart.py::test_select_product_by_stone_and_type (call)
Start time: 2024-07-09 10:57:14.187686
Start name method: confirm_define_stone

End time: 2024-07-09 10:57:15.009865
End name method: confirm_define_stone
URL: https://mineralmarket.ru/rezultat-opredelenie-kamnya

-----

-----
Test: test_add_product_to_cart.py::test_select_product_by_stone_and_type (call)
Start time: 2024-07-09 10:57:15.036284
Start name method: select_main_stone

End time: 2024-07-09 10:57:23.095712
End name method: select_main_stone
URL: https://mineralmarket.ru/856-serdolik?page=5

-----

-----
Test: test_add_product_to_cart.py::test_select_product_by_stone_and_type (call)
Start time: 2024-07-09 10:57:23.097712
Start name method: select_filter_by_earrings

End time: 2024-07-09 10:57:28.762756
End name method: select_filter_by_earrings
URL: https://mineralmarket.ru/1309-serdolik

-----

-----
Test: test_add_product_to_cart.py::test_select_product_by_stone_and_type (call)
Start time: 2024-07-09 10:57:28.764987
Start name method: compare_name_price_tile_and_details

End time: 2024-07-09 10:57:48.250700
End name method: compare_name_price_tile_and_details
URL: https://mineralmarket.ru/serdolik/529884-sergi-serdolik-brazilija-serebro-925-pr-rodir-bel.html

-----
