
-----
Test: test_add_product_to_cart.py::test_select_product_by_stone_and_type (call)
Start time: 2024-07-08 18:04:42.663992
Start name method: authorization

End time: 2024-07-08 18:04:55.696878
End name method: authorization
URL: https://mineralmarket.ru/

-----

-----
Test: test_add_product_to_cart.py::test_select_product_by_stone_and_type (call)
Start time: 2024-07-08 18:04:55.847080
Start name method: select_filter_talisman_stone

End time: 2024-07-08 18:04:56.223058
End name method: select_filter_talisman_stone
URL: https://mineralmarket.ru/opredelenie-kamnya

-----

-----
Test: test_add_product_to_cart.py::test_select_product_by_stone_and_type (call)
Start time: 2024-07-08 18:04:56.225058
Start name method: enter_customer_name

End time: 2024-07-08 18:04:56.277368
End name method: enter_customer_name
URL: https://mineralmarket.ru/opredelenie-kamnya

-----

-----
Test: test_add_product_to_cart.py::test_select_product_by_stone_and_type (call)
Start time: 2024-07-08 18:04:56.279074
Start name method: enter_birthday

End time: 2024-07-08 18:04:56.439230
End name method: enter_birthday
URL: https://mineralmarket.ru/opredelenie-kamnya

-----

-----
Test: test_add_product_to_cart.py::test_select_product_by_stone_and_type (call)
Start time: 2024-07-08 18:04:56.441239
Start name method: confirm_define_stone

End time: 2024-07-08 18:04:57.177569
End name method: confirm_define_stone
URL: https://mineralmarket.ru/rezultat-opredelenie-kamnya

-----

-----
Test: test_add_product_to_cart.py::test_select_product_by_stone_and_type (call)
Start time: 2024-07-08 18:04:57.202289
Start name method: select_main_stone

End time: 2024-07-08 18:05:06.531590
End name method: select_main_stone
URL: https://mineralmarket.ru/856-serdolik?page=5

-----

-----
Test: test_add_product_to_cart.py::test_select_product_by_stone_and_type (call)
Start time: 2024-07-08 18:05:06.534593
Start name method: select_filter_by_earrings

End time: 2024-07-08 18:05:13.302869
End name method: select_filter_by_earrings
URL: https://mineralmarket.ru/1309-serdolik

-----

-----
Test: test_add_product_to_cart.py::test_select_product_by_stone_and_type (call)
Start time: 2024-07-08 18:05:13.305868
Start name method: compare_name_price_tile_and_details

End time: 2024-07-08 18:05:36.520451
End name method: compare_name_price_tile_and_details
URL: https://mineralmarket.ru/serdolik/527849-sergi-serdolik-botsvana-serebro-925-pr-rodir-bel.html

-----
