
-----
Test: test_add_product_to_cart.py::test_select_product_by_stone_and_type (call)
Start time: 2024-07-08 22:31:20.981513
Start name method: authorization

End time: 2024-07-08 22:31:23.359247
End name method: authorization
URL: https://mineralmarket.ru/

-----

-----
Test: test_add_product_to_cart.py::test_select_product_by_stone_and_type (call)
Start time: 2024-07-08 22:31:23.507963
Start name method: select_filter_talisman_stone

End time: 2024-07-08 22:31:23.946279
End name method: select_filter_talisman_stone
URL: https://mineralmarket.ru/opredelenie-kamnya

-----

-----
Test: test_add_product_to_cart.py::test_select_product_by_stone_and_type (call)
Start time: 2024-07-08 22:31:23.948481
Start name method: enter_customer_name

End time: 2024-07-08 22:31:23.996186
End name method: enter_customer_name
URL: https://mineralmarket.ru/opredelenie-kamnya

-----

-----
Test: test_add_product_to_cart.py::test_select_product_by_stone_and_type (call)
Start time: 2024-07-08 22:31:23.997197
Start name method: enter_birthday

End time: 2024-07-08 22:31:24.151968
End name method: enter_birthday
URL: https://mineralmarket.ru/opredelenie-kamnya

-----

-----
Test: test_add_product_to_cart.py::test_select_product_by_stone_and_type (call)
Start time: 2024-07-08 22:31:24.153978
Start name method: confirm_define_stone

End time: 2024-07-08 22:31:24.879875
End name method: confirm_define_stone
URL: https://mineralmarket.ru/rezultat-opredelenie-kamnya

-----

-----
Test: test_add_product_to_cart.py::test_select_product_by_stone_and_type (call)
Start time: 2024-07-08 22:31:24.904469
Start name method: select_main_stone

End time: 2024-07-08 22:31:42.901342
End name method: select_main_stone
URL: https://mineralmarket.ru/848-rozovyy-kvarts?page=14

-----

-----
Test: test_add_product_to_cart.py::test_select_product_by_stone_and_type (call)
Start time: 2024-07-08 22:31:42.903420
Start name method: select_filter_by_earrings

End time: 2024-07-08 22:31:51.687571
End name method: select_filter_by_earrings
URL: https://mineralmarket.ru/1301-rozovyy-kvarts?page=2

-----

-----
Test: test_add_product_to_cart.py::test_select_product_by_stone_and_type (call)
Start time: 2024-07-08 22:31:51.692568
Start name method: compare_name_price_tile_and_details

End time: 2024-07-08 22:31:53.498272
End name method: compare_name_price_tile_and_details
URL: https://mineralmarket.ru/rozovyy-kvarts/503281-sergi-rozovyy-kvarts-brazilija-stal-hir-pussety-ogranka.html

-----
